0 info it worked if it ends with ok
1 verbose cli [ 'C:\\Program Files\\nodejs\\\\node.exe',
1 verbose cli   'C:\\Program Files\\nodejs\\node_modules\\npm\\bin\\npm-cli.js',
1 verbose cli   'install' ]
2 info using npm@1.4.28
3 info using node@v0.10.34
4 verbose node symlink C:\Program Files\nodejs\\node.exe
5 verbose readDependencies using package.json deps
6 verbose install where, deps [ 'F:\\git repos\\angular-commerce-app',
6 verbose install   [ 'grunt',
6 verbose install     'grunt-autoprefixer',
6 verbose install     'grunt-concurrent',
6 verbose install     'grunt-connect-proxy',
6 verbose install     'grunt-contrib-clean',
6 verbose install     'grunt-contrib-concat',
6 verbose install     'grunt-contrib-connect',
6 verbose install     'grunt-contrib-copy',
6 verbose install     'grunt-contrib-cssmin',
6 verbose install     'grunt-contrib-htmlmin',
6 verbose install     'grunt-contrib-imagemin',
6 verbose install     'grunt-contrib-jshint',
6 verbose install     'grunt-contrib-uglify',
6 verbose install     'grunt-contrib-watch',
6 verbose install     'grunt-filerev',
6 verbose install     'grunt-google-cdn',
6 verbose install     'grunt-karma',
6 verbose install     'grunt-newer',
6 verbose install     'grunt-ng-annotate',
6 verbose install     'grunt-svgmin',
6 verbose install     'grunt-usemin',
6 verbose install     'grunt-wiredep',
6 verbose install     'jshint-stylish',
6 verbose install     'karma-chrome-launcher',
6 verbose install     'karma-jasmine',
6 verbose install     'karma-phantomjs-launcher',
6 verbose install     'load-grunt-tasks',
6 verbose install     'time-grunt' ] ]
7 info preinstall angularcommerceapp@0.0.0
8 verbose readDependencies using package.json deps
9 verbose already installed skipping grunt@^0.4.5 F:\git repos\angular-commerce-app
10 verbose already installed skipping grunt-autoprefixer@^2.0.0 F:\git repos\angular-commerce-app
11 verbose already installed skipping grunt-concurrent@^1.0.0 F:\git repos\angular-commerce-app
12 verbose cache add [ 'grunt-connect-proxy@^0.2.0', null ]
13 verbose cache add name=undefined spec="grunt-connect-proxy@^0.2.0" args=["grunt-connect-proxy@^0.2.0",null]
14 verbose parsed url { protocol: null,
14 verbose parsed url   slashes: null,
14 verbose parsed url   auth: null,
14 verbose parsed url   host: null,
14 verbose parsed url   port: null,
14 verbose parsed url   hostname: null,
14 verbose parsed url   hash: null,
14 verbose parsed url   search: null,
14 verbose parsed url   query: null,
14 verbose parsed url   pathname: 'grunt-connect-proxy@^0.2.0',
14 verbose parsed url   path: 'grunt-connect-proxy@^0.2.0',
14 verbose parsed url   href: 'grunt-connect-proxy@^0.2.0' }
15 verbose already installed skipping grunt-contrib-clean@^0.6.0 F:\git repos\angular-commerce-app
16 verbose already installed skipping grunt-contrib-concat@^0.5.0 F:\git repos\angular-commerce-app
17 verbose already installed skipping grunt-contrib-connect@^0.9.0 F:\git repos\angular-commerce-app
18 verbose already installed skipping grunt-contrib-copy@^0.7.0 F:\git repos\angular-commerce-app
19 verbose already installed skipping grunt-contrib-cssmin@^0.12.0 F:\git repos\angular-commerce-app
20 verbose already installed skipping grunt-contrib-htmlmin@^0.4.0 F:\git repos\angular-commerce-app
21 verbose already installed skipping grunt-contrib-imagemin@^0.9.2 F:\git repos\angular-commerce-app
22 verbose already installed skipping grunt-contrib-jshint@^0.11.0 F:\git repos\angular-commerce-app
23 verbose already installed skipping grunt-contrib-uglify@^0.7.0 F:\git repos\angular-commerce-app
24 verbose already installed skipping grunt-contrib-watch@^0.6.1 F:\git repos\angular-commerce-app
25 verbose already installed skipping grunt-filerev@^2.1.2 F:\git repos\angular-commerce-app
26 verbose already installed skipping grunt-google-cdn@^0.4.3 F:\git repos\angular-commerce-app
27 verbose cache add name="grunt-connect-proxy" spec="^0.2.0" args=["grunt-connect-proxy","^0.2.0"]
28 verbose parsed url { protocol: null,
28 verbose parsed url   slashes: null,
28 verbose parsed url   auth: null,
28 verbose parsed url   host: null,
28 verbose parsed url   port: null,
28 verbose parsed url   hostname: null,
28 verbose parsed url   hash: null,
28 verbose parsed url   search: null,
28 verbose parsed url   query: null,
28 verbose parsed url   pathname: '^0.2.0',
28 verbose parsed url   path: '^0.2.0',
28 verbose parsed url   href: '^0.2.0' }
29 verbose addNamed [ 'grunt-connect-proxy', '^0.2.0' ]
30 verbose addNamed [ null, '>=0.2.0-0 <0.3.0-0' ]
31 silly lockFile 10769aff-grunt-connect-proxy-0-2-0 grunt-connect-proxy@^0.2.0
32 verbose lock grunt-connect-proxy@^0.2.0 C:\Users\xbox_000\AppData\Roaming\npm-cache\10769aff-grunt-connect-proxy-0-2-0.lock
33 silly addNameRange { name: 'grunt-connect-proxy',
33 silly addNameRange   range: '>=0.2.0-0 <0.3.0-0',
33 silly addNameRange   hasData: false }
34 verbose request where is /grunt-connect-proxy
35 verbose request registry https://registry.npmjs.org/
36 verbose request id 7566cd6005c5c724
37 verbose url raw /grunt-connect-proxy
38 verbose url resolving [ 'https://registry.npmjs.org/', './grunt-connect-proxy' ]
39 verbose url resolved https://registry.npmjs.org/grunt-connect-proxy
40 verbose request where is https://registry.npmjs.org/grunt-connect-proxy
41 info trying registry request attempt 1 at 06:48:22
42 verbose etag "F20DORAO7RVC1G0PJMVMNE280"
43 http GET https://registry.npmjs.org/grunt-connect-proxy
44 verbose already installed skipping grunt-karma@^0.10.1 F:\git repos\angular-commerce-app
45 verbose already installed skipping grunt-newer@^1.1.0 F:\git repos\angular-commerce-app
46 verbose already installed skipping grunt-ng-annotate@^0.9.2 F:\git repos\angular-commerce-app
47 verbose already installed skipping grunt-svgmin@^2.0.0 F:\git repos\angular-commerce-app
48 verbose already installed skipping grunt-usemin@^3.0.0 F:\git repos\angular-commerce-app
49 verbose already installed skipping grunt-wiredep@^2.0.0 F:\git repos\angular-commerce-app
50 verbose already installed skipping jshint-stylish@^1.0.0 F:\git repos\angular-commerce-app
51 verbose already installed skipping karma-chrome-launcher@^0.1.7 F:\git repos\angular-commerce-app
52 verbose already installed skipping karma-jasmine@^0.3.5 F:\git repos\angular-commerce-app
53 verbose already installed skipping karma-phantomjs-launcher@^0.1.4 F:\git repos\angular-commerce-app
54 verbose already installed skipping load-grunt-tasks@^3.1.0 F:\git repos\angular-commerce-app
55 verbose already installed skipping time-grunt@^1.0.0 F:\git repos\angular-commerce-app
56 http 304 https://registry.npmjs.org/grunt-connect-proxy
57 silly registry.get cb [ 304,
57 silly registry.get   { date: 'Fri, 20 Feb 2015 14:48:22 GMT',
57 silly registry.get     server: 'Apache',
57 silly registry.get     via: '1.1 varnish',
57 silly registry.get     'last-modified': 'Fri, 20 Feb 2015 14:48:22 GMT',
57 silly registry.get     'cache-control': 'max-age=60',
57 silly registry.get     etag: '"F20DORAO7RVC1G0PJMVMNE280"',
57 silly registry.get     age: '0',
57 silly registry.get     'x-served-by': 'cache-sjc3130-SJC',
57 silly registry.get     'x-cache': 'HIT',
57 silly registry.get     'x-cache-hits': '1',
57 silly registry.get     'x-timer': 'S1424443702.308501,VS0,VE352',
57 silly registry.get     vary: 'Accept',
57 silly registry.get     'content-length': '0',
57 silly registry.get     'keep-alive': 'timeout=10, max=50',
57 silly registry.get     connection: 'Keep-Alive' } ]
58 verbose etag https://registry.npmjs.org/grunt-connect-proxy from cache
59 silly addNameRange number 2 { name: 'grunt-connect-proxy',
59 silly addNameRange   range: '>=0.2.0-0 <0.3.0-0',
59 silly addNameRange   hasData: true }
60 silly addNameRange versions [ 'grunt-connect-proxy',
60 silly addNameRange   [ '0.1.0',
60 silly addNameRange     '0.1.1',
60 silly addNameRange     '0.1.2',
60 silly addNameRange     '0.1.3',
60 silly addNameRange     '0.1.4',
60 silly addNameRange     '0.1.5',
60 silly addNameRange     '0.1.6',
60 silly addNameRange     '0.1.7',
60 silly addNameRange     '0.1.8',
60 silly addNameRange     '0.1.10',
60 silly addNameRange     '0.1.11' ] ]
61 silly lockFile 10769aff-grunt-connect-proxy-0-2-0 grunt-connect-proxy@^0.2.0
62 silly lockFile 10769aff-grunt-connect-proxy-0-2-0 grunt-connect-proxy@^0.2.0
63 error notarget No compatible version found: grunt-connect-proxy@'>=0.2.0-0 <0.3.0-0'
63 error notarget Valid install targets:
63 error notarget ["0.1.11","0.1.0","0.1.1","0.1.2","0.1.3","0.1.4","0.1.5","0.1.6","0.1.7","0.1.8","0.1.10","0.1.11"]
63 error notarget
63 error notarget This is most likely not a problem with npm itself.
63 error notarget In most cases you or one of your dependencies are requesting
63 error notarget a package version that doesn't exist.
64 error System Windows_NT 6.2.9200
65 error command "C:\\Program Files\\nodejs\\\\node.exe" "C:\\Program Files\\nodejs\\node_modules\\npm\\bin\\npm-cli.js" "install"
66 error cwd F:\git repos\angular-commerce-app
67 error node -v v0.10.34
68 error npm -v 1.4.28
69 error code ETARGET
70 verbose exit [ 1, true ]
